2023-01-29T18:30:01+00:00 8.40286 238.655 6.35086 gbg407b91cd8
2023-01-29T19:00:01+00:00 37.7932 94.0096 6.83053 gbg2098fab64
2023-01-29T19:30:01+00:00 9.66609 265.32 6.92611 gbg2093f5686
2023-01-29T20:00:01+00:00 9.18803 173.533 6.85025 gbg2091637a9
2023-01-29T20:30:01+00:00 11.0747 151.427 6.61953 gbg407d212df
2023-01-29T21:00:01+00:00 10.927 153.62 6.66965 gbg2095850a0
2023-01-29T21:30:01+00:00 11.2043 127.056 6.15259 gbg209d415ce
2023-01-29T22:00:01+00:00 7.98982 192.687 6.06608 gbg209c0340c
2023-01-29T22:30:01+00:00 7.96957 168.841 6.55587 gbg40716d9e0
2023-01-29T23:00:01+00:00 9.21527 65.0209 5.46098 gbg40743d205
2023-01-29T23:30:01+00:00 14.5437 163.274 6.18833 gbg407706cd4
2023-01-30T00:00:01+00:00 11.5016 197.902 6.55197 gbg407726454
2023-01-30T00:30:01+00:00 11.846 66.7858 5.66951 gbg4073c09cf
2023-01-30T01:00:01+00:00 8.08534 229.755 6.69476 gbg407fe6323
2023-01-30T01:30:01+00:00 10.0819 166.738 6.31963 gbg407ec2e61
2023-01-30T02:00:01+00:00 11.8847 96.3425 5.85814 gbg2099b4e3b
2023-01-30T02:30:01+00:00 8.43336 260.446 6.83518 gbg407fd8aed
2023-01-30T03:00:01+00:00 11.3977 274.949 6.49371 gbg407247cd6
2023-01-30T03:30:01+00:00 8.01892 196.192 6.81934 gbg209805465
2023-01-30T04:00:01+00:00 8.01827 239.451 6.44131 gbg209927a61
2023-01-30T04:30:01+00:00 8.05714 251.526 6.64495 gbg407415532
2023-01-30T05:00:01+00:00 28.7931 170.73 6.4752 gbg2093ac966
2023-01-30T05:30:01+00:00 14.2658 134.683 6.4457 gbg40b80e0d0
2023-01-30T06:00:01+00:00 8.20735 243.725 6.7397 gbg40baf0b5b
2023-01-30T06:30:01+00:00 20.0209 149.005 6.02652 gbg40b8e8880
2023-01-30T07:00:01+00:00 7.78179 146.043 6.89238 gbg40b7c1de8
2023-01-30T07:30:01+00:00 10.1804 242.193 7.02169 gbg209f50534
2023-01-30T08:00:01+00:00 6.98875 254.514 5.46808 gbg40b48b399
2023-01-30T08:30:01+00:00 8.00219 196.619 5.96908 gbg209b62a31
2023-01-30T09:00:01+00:00 14.5144 89.8297 5.44286 gbg20916f977
2023-01-30T09:30:01+00:00 13.7684 77.7157 5.13035 gbg40bc3f641
2023-01-30T10:00:01+00:00 13.1447 80.5693 6.36747 gbg209af77a3
2023-01-30T10:30:01+00:00 7.90758 246.07 6.95714 gbg40b545bf5
2023-01-30T11:00:01+00:00 10.9257 262.637 6.51064 gbg40b037bd4
2023-01-30T11:30:01+00:00 5.52311 168.058 5.83675 gbg40b648a90
2023-01-30T12:00:01+00:00 7.95812 182.14 6.63452 gbg209883b3b
2023-01-30T12:30:01+00:00 15.7726 267.552 5.35165 gbg2097f065c
2023-01-30T13:00:01+00:00 13.1951 77.7877 6.68664 gbg209858348
2023-01-30T13:30:01+00:00 15.9269 209.114 5.89533 gbg40b0769d3
2023-01-30T14:00:01+00:00 8.19346 234.317 6.58233 gbg40b728046
2023-01-30T14:30:01+00:00 9.71619 150.624 5.67138 gbg209aa28ad
2023-01-30T15:00:01+00:00 14.6636 62.639 6.84217 gbg40bd890af
2023-01-30T15:30:01+00:00 26.1112 45.2102 6.08566 gbg40b72d6cd
2023-01-30T16:00:01+00:00 12.6385 56.6587 6.42474 gbg209ece116
2023-01-30T16:30:01+00:00 12.2507 243.492 6.79845 gbg2091ea7d1
2023-01-30T17:00:01+00:00 13.5831 69.9363 6.3852 gbg40b0e766d
2023-01-30T17:30:01+00:00 7.97942 258.126 6.77409 gbg2096e75b1
2023-01-30T18:00:01+00:00 16.4912 61.7942 5.53906 gbg40bdbc128
2023-01-30T18:30:01+00:00 8.28556 241.866 6.78586 gbg20901a65d
2023-01-30T19:00:01+00:00 5.55265 191.854 5.69801 gbg40bc2f2de
2023-01-30T19:30:01+00:00 8.13143 251.306 6.73182 gbg40bca55ef
2023-01-30T20:00:01+00:00 17.9815 82.7334 5.61905 gbg2092c0af7
2023-01-30T20:30:01+00:00 8.73253 229.323 6.30656 gbg40b54a3fd
2023-01-30T21:00:01+00:00 7.70856 227.865 5.80526 gbg209eed645
2023-01-30T21:30:01+00:00 9.95257 281.131 6.79401 gbg40bc35f95
2023-01-30T22:00:01+00:00 14.1901 157.509 5.2873 gbg40b3fb4b4
2023-01-30T22:30:01+00:00 8.47821 235.978 7.63246 gbg20981c59a
2023-01-30T23:00:02+00:00 47.3859 118.373 6.89935 gbg20941316a
2023-01-30T23:30:01+00:00 7.86521 240.16 6.69369 gbg209f83aa1
2023-01-31T00:00:01+00:00 57.0323 84.2852 6.88855 gbg2091cfa2d
2023-01-31T00:30:01+00:00 41.3914 103.04 6.05177 gbg209633ab7
2023-01-31T01:00:02+00:00 23.9849 86.7164 6.49169 gbg40b660751
2023-01-31T01:30:01+00:00 8.01943 252.261 6.60073 gbg40b6a45fc
2023-01-31T02:00:01+00:00 6.10356 190.425 5.48714 gbg209ea9f06
2023-01-31T02:30:01+00:00 7.96563 250.81 6.64608 gbg40b68108a
2023-01-31T03:00:01+00:00 10.4041 155.237 6.56302 gbg40be7a0cd
2023-01-31T03:30:01+00:00 47.0447 83.865 6.70767 gbg209da6cba
2023-01-31T04:00:01+00:00 7.87036 249.566 6.66285 gbg209b35f5d
2023-01-31T04:30:01+00:00 12.192 164.47 6.33806 gbg40b04a940
2023-01-31T05:00:01+00:00 7.93344 235.432 6.76441 gbg409039026
2023-01-31T05:30:01+00:00 12.0205 154.122 5.79507 gbg20942600b
2023-01-31T06:00:01+00:00 7.91387 169.217 6.74554 gbg409f7168b
2023-01-31T06:30:01+00:00 14.6799 152.176 5.8842 gbg209d8f771
2023-01-31T07:00:01+00:00 8.11346 71.2314 5.8362 gbg40926c67d
2023-01-31T07:30:01+00:00 59.3813 62.3157 7.14032 gbg409181648
2023-01-31T08:00:01+00:00 8.11807 243.69 6.70699 gbg4093271e8
2023-01-31T08:30:01+00:00 47.9388 105.705 6.18208 gbg20960c40e
2023-01-31T09:00:01+00:00 9.45971 241.901 6.54351 gbg209daab1f
2023-01-31T09:30:01+00:00 8.61804 284.351 6.58803 gbg209441605
2023-01-31T10:00:01+00:00 18.7025 121.862 5.4465 gbg209a44aeb
2023-01-31T10:30:01+00:00 38.4897 63.8938 6.79353 gbg2091a78dd
2023-01-31T11:00:01+00:00 16.7102 75.2338 5.49805 gbg209946ecb
2023-01-31T11:30:01+00:00 9.38984 266.07 6.55429 gbg20956d4f2
2023-01-31T12:00:01+00:00 34.2456 55.3422 6.37813 gbg209955f03
2023-01-31T12:30:01+00:00 14.301 46.1303 5.67909 gbg409fb7e30
2023-01-31T13:00:01+00:00 11.3447 217.544 6.89125 gbg209946fe1
2023-01-31T13:30:01+00:00 9.35324 278.773 6.53565 gbg409d2c062
2023-01-31T14:00:01+00:00 45.3827 76.0124 6.36112 gbg2091781a7
2023-01-31T14:30:01+00:00 11.4273 83.2888 7.03197 gbg2093638dc
2023-01-31T15:00:01+00:00 6.5768 279.762 5.9069 gbg209bf2bb6
2023-01-31T15:30:01+00:00 17.6291 94.7117 6.09078 gbg2097ccee9
2023-01-31T16:00:02+00:00 12.1259 97.8013 5.51785 gbg409393d0c
2023-01-31T16:30:01+00:00 43.7629 72.1796 5.89618 gbg4090cda2d
2023-01-31T17:00:01+00:00 15.6156 93.1002 6.93959 gbg2095ec907
2023-01-31T17:30:01+00:00 14.2422 173.519 5.87727 gbg409151463
2023-01-31T18:00:01+00:00 11.0053 242.397 6.65275 gbg209d6bd3c
2023-01-31T18:30:01+00:00 54.4091 60.3248 6.70767 gbg2090e2bbb
2023-01-31T19:00:01+00:00 10.7907 140.886 6.62382 gbg209ea93d6
2023-01-31T19:30:01+00:00 10.7156 161.497 7.11788 gbg4098d6915
2023-01-31T20:00:01+00:00 11.8064 75.3367 6.11104 gbg40965fbf4
2023-01-31T20:30:01+00:00 14.3891 158.452 6.10961 gbg20973813b
2023-01-31T21:00:01+00:00 19.1351 65.8882 5.77962 gbg409cc889a
2023-01-31T21:30:01+00:00 14.1833 175.458 6.71424 gbg40951aaf6
2023-01-31T22:00:01+00:00 11.152 267.365 6.78429 gbg209bc014d
2023-01-31T22:30:01+00:00 45.0224 92.1049 6.22475 gbg409e64996
2023-01-31T23:00:01+00:00 48.536 254.583 10.0783 gbg209468916
2023-01-31T23:30:01+00:00 17.7704 66.5008 5.3662 gbg4095659c7
2023-02-01T00:00:01+00:00 14.2896 76.6897 6.19658 gbg2098dddbf
2023-02-01T00:30:01+00:00 11.7914 191.248 6.60452 gbg4096738d9
2023-02-01T01:00:01+00:00 11.192 283.944 6.35181 gbg40912ea68
2023-02-01T01:30:01+00:00 11.1564 204.414 5.87432 gbg409d34a85
2023-02-01T02:00:01+00:00 17.6718 49.3334 6.18436 gbg40937f94d
2023-02-01T02:30:01+00:00 14.4044 180.976 6.34844 gbg2094dc781
2023-02-01T03:00:01+00:00 10.813 165.238 6.61165 gbg20991d815
2023-02-01T03:30:01+00:00 11.5136 156.01 6.63021 gbg40915d257
2023-02-01T04:00:01+00:00 10.8694 174.653 5.972 gbg4091e7a62
2023-02-01T04:30:01+00:00 53.244 81.6701 7.33834 gbg2091a8317
2023-02-01T05:00:01+00:00 9.63813 138.804 7.13594 gbg209fc2463
2023-02-01T05:30:01+00:00 11.6982 54.9682 6.28907 gbg2096760cc
2023-02-01T06:00:01+00:00 10.1935 188.566 6.68645 gbg405c639d3
2023-02-01T06:30:01+00:00 13.449 85.2976 5.8823 gbg20993fd4d
2023-02-01T07:00:01+00:00 8.0221 290.659 6.79826 gbg209d69491
2023-02-01T07:30:01+00:00 12.0529 98.5425 5.58038 gbg209a1a1f3
2023-02-01T08:00:01+00:00 11.5069 244.978 6.5851 gbg20903cb0e
2023-02-01T08:30:01+00:00 12.1061 150.387 6.33311 gbg20951de09
2023-02-01T09:00:01+00:00 16.2836 82.1623 5.69373 gbg4051159e5
2023-02-01T09:30:01+00:00 11.4288 243.906 7.16522 gbg4056ea15e
2023-02-01T10:00:01+00:00 11.7409 161.319 5.87069 gbg4051babcb
2023-02-01T10:30:01+00:00 40.0317 113.541 7.08059 gbg4054283c6
2023-02-01T11:00:01+00:00 11.5703 195.97 6.65528 gbg20939f09d
2023-02-01T11:30:01+00:00 11.4345 246.97 6.28341 gbg2090a13a3
2023-02-01T12:00:01+00:00 10.5028 205.488 7.04528 gbg4057c46f8
2023-02-01T12:30:01+00:00 13.9497 243.487 6.69043 gbg2092e2ff0
2023-02-01T13:00:01+00:00 12.6665 75.7407 5.43214 gbg2093176d3
2023-02-01T13:30:01+00:00 14.175 264.424 6.40485 gbg40560047f
2023-02-01T14:00:01+00:00 10.3957 149.032 6.50553 gbg209813a8c
2023-02-01T14:30:01+00:00 20.86 60.673 5.6513 gbg40589161e
2023-02-01T15:00:02+00:00 42.3636 101.68 7.20861 gbg209074713
2023-02-01T15:30:01+00:00 11.4357 162.276 6.51937 gbg2091a7869
2023-02-01T16:00:01+00:00 12.3182 36.9095 5.70612 gbg2095da67e
2023-02-01T16:30:01+00:00 21.2296 161.776 6.8283 gbg40587f60d
2023-02-01T17:00:01+00:00 16.4547 78.4998 5.60066 gbg405922dfb
2023-02-01T17:30:01+00:00 11.1551 227.531 6.88944 gbg20934f379
2023-02-01T18:00:01+00:00 17.9507 69.6564 5.4598 gbg209a0222f
2023-02-01T18:30:01+00:00 10.814 164.983 5.61195 gbg2090e9f21
2023-02-01T19:00:01+00:00 11.6727 169.254 6.89935 gbg209e24933
2023-02-01T19:30:01+00:00 10.1214 130.304 6.55759 gbg20983a76b
2023-02-01T20:00:01+00:00 15.1388 81.4951 4.98081 gbg209c8af09
2023-02-01T20:30:01+00:00 18.2249 42.1811 5.54789 gbg405b9eca0
2023-02-01T21:00:02+00:00 11.8412 132.682 6.04389 gbg2099db57c
2023-02-01T21:30:01+00:00 23.9043 63.6654 5.83183 gbg209fd3c08
2023-02-01T22:00:01+00:00 38.9426 80.7592 6.78149 gbg4052d5c1d
2023-02-01T22:30:01+00:00 11.8588 129.873 6.78964 gbg4058e4d4a
2023-02-01T23:00:01+00:00 11.135 288.787 6.96932 gbg4055926eb
2023-02-01T23:30:01+00:00 13.7934 90.5471 5.50948 gbg405195157
2023-02-02T00:00:01+00:00 10.8199 243.23 5.8894 gbg405e70eab
2023-02-02T00:30:01+00:00 9.80307 164.885 6.74302 gbg405a45ca8
2023-02-02T01:00:01+00:00 16.1159 72.3964 5.65683 gbg209497731
2023-02-02T01:30:01+00:00 43.5926 95.6647 6.17587 gbg40599aee3
2023-02-02T02:00:01+00:00 7.85826 208.55 5.62349 gbg209af0d07
2023-02-02T02:30:01+00:00 10.4827 151.87 6.67434 gbg2090a7705
2023-02-02T03:00:01+00:00 56.7266 54.4397 6.73329 gbg20937dff6
2023-02-02T03:30:01+00:00 11.829 118.745 6.4686 gbg2011d2d78
2023-02-02T04:00:01+00:00 11.7978 61.9285 7.33523 gbg40533c7ff
2023-02-02T04:30:01+00:00 52.7022 87.6217 7.08898 gbg405b88c57
2023-02-02T05:00:01+00:00 9.45851 178.009 6.59335 gbg40531cba9
2023-02-02T05:30:01+00:00 10.8486 52.2636 6.82247 gbg405f0dcbe
2023-02-02T06:00:01+00:00 10.5223 236.451 6.58624 gbg405936c76
2023-02-02T06:30:01+00:00 11.9344 257.354 6.62327 gbg201621643
2023-02-02T07:00:01+00:00 13.1325 79.9053 5.48254 gbg4053fdb53
2023-02-02T07:30:01+00:00 11.0999 159.368 6.61088 gbg405edbe5e
2023-02-02T08:00:01+00:00 13.0205 161.252 6.27363 gbg405a6a533
2023-02-02T08:30:01+00:00 20.8004 108.85 6.97702 gbg405596816
2023-02-02T09:00:01+00:00 5.52313 225.343 5.36796 gbg201882a70
2023-02-02T09:30:01+00:00 19.8053 58.4529 6.99025 gbg2013e23e5
2023-02-02T10:00:01+00:00 12.4652 185.878 6.94427 gbg201c335d4
2023-02-02T10:30:01+00:00 11.6013 231.278 6.33035 gbg4056a6016
2023-02-02T11:00:01+00:00 29.8198 38.8128 6.46448 gbg40554da4f
2023-02-02T11:30:01+00:00 15.5198 178.002 6.26791 gbg405e359a3
2023-02-02T12:00:01+00:00 11.3662 227.665 6.72451 gbg405480ce9
2023-02-02T12:30:01+00:00 11.1097 250.091 6.6853 gbg40591803e
2023-02-02T13:00:01+00:00 10.6506 151.596 5.79866 gbg4057d56e2
2023-02-02T13:30:01+00:00 10.353 288.581 7.01885 gbg2015be237
2023-02-02T14:00:01+00:00 11.5723 128.373 6.11252 gbg4051d6e4c
2023-02-02T14:30:01+00:00 17.6219 74.0547 6.28475 gbg201468a94
2023-02-02T15:00:01+00:00 11.6686 173.657 6.6391 gbg20199e715
2023-02-02T15:30:01+00:00 9.05472 257.756 7.01555 gbg405b01570
2023-02-02T16:00:01+00:00 11.6356 187.493 6.8712 gbg20152d06f
2023-02-02T16:30:01+00:00 12.3788 136.671 5.67765 gbg405c2951d
2023-02-02T17:00:01+00:00 28.4608 57.0014 6.30143 gbg201e72e51
2023-02-02T17:30:01+00:00 11.4494 45.0571 5.79448 gbg201639720
2023-02-02T18:00:01+00:00 11.3525 284.555 6.58603 gbg201e0d706
2023-02-02T18:30:01+00:00 11.8652 156.491 6.13082 gbg405b4811a
2023-02-02T19:00:01+00:00 15.698 82.8992 6.50202 gbg201eeea10
2023-02-02T19:30:01+00:00 17.123 85.2214 5.56806 gbg201ebdb58
2023-02-02T20:00:01+00:00 15.4221 163.359 6.24715 gbg405cdbc63
2023-02-02T20:30:01+00:00 10.6541 239.207 6.72644 gbg201315c18
2023-02-02T21:00:01+00:00 12.1221 192.06 6.48923 gbg40540de11
2023-02-02T21:30:01+00:00 15.1659 92.9833 6.09518 gbg4053e5e80
2023-02-02T22:00:01+00:00 11.2697 128.508 6.55043 gbg405f66bd2
2023-02-02T22:30:01+00:00 10.1118 155.398 5.58566 gbg201338864
2023-02-02T23:00:01+00:00 15.4388 186.799 6.13435 gbg4050ef82d
2023-02-02T23:30:01+00:00 17.0677 78.54 6.64434 gbg201819b19
2023-02-03T00:00:01+00:00 10.4921 65.0469 5.42695 gbg201cc9580
2023-02-03T00:30:01+00:00 50.5265 51.0024 7.08006 gbg201269154
2023-02-03T01:00:01+00:00 10.2796 176.261 6.71154 gbg405cdcc67
2023-02-03T01:30:01+00:00 11.7181 138.007 6.30969 gbg405d760f7
2023-02-03T02:00:01+00:00 52.0021 90.3033 6.99391 gbg201aaaefc
2023-02-03T02:30:01+00:00 11.7677 202.302 6.20594 gbg20102391e
2023-02-03T03:00:01+00:00 13.6381 79.8506 6.12978 gbg201f42164
2023-02-03T03:30:01+00:00 10.5478 198.989 6.56421 gbg405f0cf12
2023-02-03T04:00:01+00:00 11.8391 94.3368 6.5402 gbg206c72304
2023-02-03T04:30:01+00:00 11.1501 238.839 6.63677 gbg20688d662
2023-02-03T05:00:01+00:00 17.9499 50.4312 6.38613 gbg206157e55
2023-02-03T05:30:01+00:00 11.7456 244.818 6.40637 gbg405799a69
2023-02-03T06:00:01+00:00 19.6162 44.578 6.06954 gbg2069973f7
2023-02-03T06:30:01+00:00 23.1287 94.0522 5.97109 gbg4056d6cf2
2023-02-03T07:00:01+00:00 22.9429 68.2688 6.16844 gbg206577a04
2023-02-03T07:30:01+00:00 12.2403 103.069 6.27893 gbg2067c81e7
2023-02-03T08:00:01+00:00 8.43382 229.779 5.43951 gbg206b57e25
2023-02-03T08:30:01+00:00 11.8593 249.018 6.57643 gbg20616e326
2023-02-03T09:00:01+00:00 10.9835 42.2233 6.20756 gbg206009854
2023-02-03T09:30:01+00:00 41.927 82.3448 6.00505 gbg4053ed817
2023-02-03T10:00:01+00:00 11.0316 74.8124 6.48202 gbg20621eda6
2023-02-03T10:30:01+00:00 11.3891 70.3046 6.12656 gbg4054c1271
2023-02-03T11:00:01+00:00 9.86215 146.711 7.04455 gbg4059a1a47
2023-02-03T11:30:01+00:00 11.7148 200.297 6.61907 gbg206d8b6c3
2023-02-03T12:00:01+00:00 10.2149 163.216 6.48061 gbg405585ca7
2023-02-03T12:30:01+00:00 11.4794 242.207 6.79534 gbg206355d9f
2023-02-03T13:00:01+00:00 11.7993 37.3912 5.93904 gbg206c0a79f
2023-02-03T13:30:01+00:00 22.4733 66.256 6.03528 gbg206e25a9b
2023-02-03T14:00:01+00:00 14.5632 146.514 6.72502 gbg2065f7115
2023-02-03T14:30:01+00:00 14.2501 61.9109 6.08676 gbg4057ca449
2023-02-03T15:00:01+00:00 17.4461 154.838 5.83389 gbg405fa9b2c
2023-02-03T15:30:01+00:00 12.8011 235.371 6.32955 gbg206b44156
2023-02-03T16:00:01+00:00 19.0457 85.9365 6.09053 gbg206c797b0
2023-02-03T16:30:01+00:00 13.4351 258.312 6.87514 gbg405be85de
2023-02-03T17:00:01+00:00 12.6149 57.8817 5.6728 gbg20613a2b0
2023-02-03T17:30:01+00:00 11.111 241.741 5.99815 gbg40510e575
2023-02-03T18:00:01+00:00 10.1325 177.631 6.36058 gbg20662aa5a
2023-02-03T18:30:01+00:00 44.5257 86.5666 6.15169 gbg405052ee4
2023-02-03T19:00:01+00:00 18.7383 76.2394 5.4082 gbg206cc07dd
2023-02-03T19:30:01+00:00 7.99965 235.207 6.98165 gbg2062a0926
2023-02-03T20:00:01+00:00 10.9256 234.153 6.54244 gbg4051fd672
2023-02-03T20:30:01+00:00 52.5059 74.7563 7.36702 gbg206a9ed46
2023-02-03T21:00:01+00:00 10.1776 202.928 6.52273 gbg2069013a2
2023-02-03T21:30:01+00:00 13.6894 201.12 6.39656 gbg405140ea7
2023-02-03T22:00:01+00:00 11.9972 71.0537 5.71048 gbg206158cab
2023-02-03T22:30:01+00:00 12.977 53.2729 5.37756 gbg206350783
2023-02-03T23:00:01+00:00 13.1206 38.9947 6.47336 gbg40578f7bb
2023-02-03T23:30:01+00:00 11.9569 194.11 6.5754 gbg40524e809
2023-02-04T00:00:01+00:00 19.9117 60.5906 5.8645 gbg2066f8824
2023-02-04T00:30:01+00:00 37.9773 93.2169 6.93351 gbg405a81e7d
2023-02-04T01:00:01+00:00 10.612 150.721 6.79963 gbg405a067d7
2023-02-04T01:30:01+00:00 10.2928 180.448 6.72928 gbg4058740d8
2023-02-04T02:00:01+00:00 14.2718 253.736 6.40155 gbg206d1d43e
2023-02-04T02:30:01+00:00 11.9987 40.8792 5.51113 gbg405b089eb
2023-02-04T03:00:01+00:00 11.8814 89.3724 5.76532 gbg405aa0872
2023-02-04T03:30:01+00:00 10.2013 124.563 6.90727 gbg405cad740
2023-02-04T04:00:01+00:00 11.7873 271.472 5.51483 gbg2060d73c8
2023-02-04T04:30:01+00:00 10.8315 194.537 5.62688 gbg40573d385
2023-02-04T05:00:01+00:00 9.15413 240.02 6.81428 gbg206a72d97
2023-02-04T05:30:01+00:00 -1 -1 -1 no_support_ID
2023-02-04T06:00:01+00:00 11.4472 193.933 6.50878 gbg4057bc4af
2023-02-04T06:30:01+00:00 11.9915 280.594 6.94023 gbg405438006
2023-02-04T07:00:02+00:00 18.8588 70.4699 6.25139 gbg405449790
2023-02-04T07:30:01+00:00 55.2222 43.2649 6.45357 gbg206440783
2023-02-04T08:00:02+00:00 17.7562 68.6787 6.17043 gbg206a6933b
2023-02-04T08:30:01+00:00 11.5134 191.703 7.10177 gbg20647ccf7
2023-02-04T09:00:01+00:00 16.1314 82.8669 5.97736 gbg405cc93ba
2023-02-04T09:30:01+00:00 7.65693 101.826 5.56749 gbg206182d26
2023-02-04T10:00:01+00:00 8.57117 128.737 5.56829 gbg206050442
2023-02-04T10:30:01+00:00 11.8082 139.663 6.75581 gbg206466dc2
2023-02-04T11:00:01+00:00 20.7063 49.9098 5.93505 gbg405a083de
2023-02-04T11:30:01+00:00 7.93693 146.996 6.77049 gbg405e96e9c
2023-02-04T12:00:01+00:00 17.4534 41.6617 5.57556 gbg206a052a1
2023-02-04T12:30:01+00:00 61.8218 92.4184 5.46057 gbg405f97a62
2023-02-04T13:00:01+00:00 19.7389 100.143 6.69817 sth605be089e
2023-02-04T13:30:01+00:00 67.1142 44.0597 5.49293 gbg4057c26b9
2023-02-04T14:00:01+00:00 30.3438 44.0866 5.9931 gbg4054aae3a
2023-02-04T14:30:01+00:00 52.0598 87.2877 6.79835 gbg405e40d05
2023-02-04T15:00:01+00:00 11.5188 50.9139 6.85837 gbg4059b3e59
2023-02-04T15:30:01+00:00 11.5019 161.035 6.56662 gbg206595a47
2023-02-04T16:00:01+00:00 11.3206 273.75 7.21058 gbg206d1358a
2023-02-04T16:30:01+00:00 10.523 249.108 5.71583 gbg405a00792
2023-02-04T17:00:01+00:00 11.5928 58.1059 6.71444 gbg405ca3047
2023-02-04T17:30:01+00:00 13.6713 71.8215 6.58867 gbg405aa0cb9
2023-02-04T18:00:01+00:00 12.5506 289.128 6.70342 gbg206ea4381
2023-02-04T18:30:01+00:00 14.0111 161.65 6.63891 gbg206513631
2023-02-04T19:00:01+00:00 47.2048 155.288 7.16925 gbg40576cd34
2023-02-04T19:30:01+00:00 10.3579 143.179 6.70739 gbg206c64ea0
2023-02-04T20:00:01+00:00 5.65973 150.013 6.2451 gbg20684a945
2023-02-04T20:30:01+00:00 9.76236 211.152 6.76446 gbg206baa22b
2023-02-04T21:00:01+00:00 15.0111 61.5798 5.80352 gbg4059a6c65
2023-02-04T21:30:01+00:00 12.169 210.956 6.58984 gbg2068aa168
2023-02-04T22:00:01+00:00 12.8211 66.7352 5.85212 gbg206f92e51
2023-02-04T22:30:01+00:00 10.9946 240.739 6.67215 gbg405cef78b
2023-02-04T23:00:01+00:00 11.2628 47.7346 7.11642 gbg4051e763c
2023-02-04T23:30:01+00:00 11.9927 168.56 6.15955 gbg4050f5bdd
2023-02-05T00:00:01+00:00 10.0581 210.221 7.00864 gbg206832987
2023-02-05T00:30:01+00:00 18.0137 73.9289 5.80482 gbg206bca461
2023-02-05T01:00:01+00:00 11.9398 161.315 5.95106 gbg4054a61ef
2023-02-05T01:30:01+00:00 8.01198 205.64 6.81487 gbg2062a4349
2023-02-05T02:00:01+00:00 14.6667 194.569 5.34707 gbg405605f2b
2023-02-05T02:30:01+00:00 45.8502 171.252 6.96056 gbg405ba8742
2023-02-05T03:00:01+00:00 10.7647 172.426 6.09461 gbg206fa889f
2023-02-05T03:30:01+00:00 17.6666 79.0094 6.20828 gbg405a38f15
2023-02-05T04:00:01+00:00 28.222 173.105 6.25149 gbg2063795f3
2023-02-05T04:30:01+00:00 9.9421 126.929 6.47893 gbg40586a11d
2023-02-05T05:00:01+00:00 7.06456 136.145 6.03069 gbg40512fe37
2023-02-05T05:30:01+00:00 11.9142 65.7644 6.17731 gbg206b4d74b
2023-02-05T06:00:01+00:00 8.71447 183.319 6.78712 gbg206b28f15
2023-02-05T06:30:01+00:00 11.3539 162.422 6.14606 gbg409fe123c
2023-02-05T07:00:01+00:00 10.1515 277.718 6.65095 gbg409a7fcf1
2023-02-05T07:30:01+00:00 10.096 236.207 6.69145 gbg206b36f3d
2023-02-05T08:00:01+00:00 10.7159 151.434 6.06421 gbg206a5b50f
2023-02-05T08:30:01+00:00 7.92919 249.159 6.82541 gbg40996401b
2023-02-05T09:00:01+00:00 9.90522 98.3559 6.41293 gbg2064871b4
2023-02-05T09:30:01+00:00 47.2825 79.7608 6.66011 gbg2062a54b3
2023-02-05T10:00:01+00:00 8.40541 180.725 6.49601 gbg2069553de
2023-02-05T10:30:01+00:00 9.17509 171.048 6.48824 gbg2069c20b1
2023-02-05T11:00:01+00:00 15.8512 81.4611 5.45063 gbg4098582e3
2023-02-05T11:30:01+00:00 9.51687 262.301 6.78307 gbg409efb25f
2023-02-05T12:00:01+00:00 11.1532 184.641 6.3167 gbg2066b7d2b
2023-02-05T12:30:01+00:00 46.8728 60.6055 6.88629 gbg409993576
2023-02-05T13:00:01+00:00 8.08408 172.099 6.69391 gbg2064b569f
2023-02-05T13:30:01+00:00 10.7889 197.189 6.76539 gbg206813c5b
2023-02-05T14:00:01+00:00 5.64474 213.549 5.87083 gbg4098735c0
2023-02-05T14:30:01+00:00 7.9985 174.259 6.83608 gbg206f25d36
2023-02-05T15:00:01+00:00 19.7846 33.3475 5.80022 gbg2069d63ab
2023-02-05T15:30:01+00:00 6.996 187.624 6.22179 gbg2066a220e
2023-02-05T16:00:01+00:00 7.96428 243.423 6.51867 gbg2069d3d2f
2023-02-05T16:30:01+00:00 53.5613 73.3106 6.99 gbg206c7fa7a
2023-02-05T17:00:01+00:00 8.13532 257.864 6.55658 gbg409558fa0
2023-02-05T17:30:01+00:00 14.1006 163.202 6.0498 gbg409d5530e
2023-02-05T18:00:01+00:00 9.33308 196.838 5.76118 gbg206591118
2023-02-05T18:30:01+00:00 12.4741 141.922 6.0292 gbg206a27d74
2023-02-05T19:00:01+00:00 9.91092 250.69 6.72621 gbg2068d8534
2023-02-05T19:30:01+00:00 10.4301 44.8125 5.66582 gbg2061d6425
2023-02-05T20:00:01+00:00 12.2681 155.232 6.28603 gbg206427120
2023-02-05T20:30:01+00:00 7.96045 194.005 6.85784 gbg4091ffe3d
2023-02-05T21:00:01+00:00 8.91161 189.438 6.39763 gbg4090ea852
2023-02-05T21:30:01+00:00 10.6498 162.628 5.99087 gbg4094901b6
2023-02-05T22:00:01+00:00 8.02906 159.975 6.71689 gbg206a71eae
2023-02-05T22:30:01+00:00 13.5213 266.17 5.80417 gbg206ac96f8
2023-02-05T23:00:01+00:00 6.14021 155.755 6.91423 gbg20662b6a0
2023-02-05T23:30:01+00:00 15.1144 67.0141 5.6062 gbg206d64799
2023-02-06T00:00:01+00:00 5.72981 187.919 6.19393 gbg4095cdd93
2023-02-06T00:30:01+00:00 7.91885 240.334 6.64119 gbg2065b59c7
2023-02-06T01:00:01+00:00 9.76445 268.14 6.76072 gbg4092ce6e1
2023-02-06T01:30:01+00:00 5.75644 263.744 9.42767 gbg206c847a5
2023-02-06T02:00:01+00:00 7.99496 233.911 6.56381 gbg409056ee6
2023-02-06T02:30:01+00:00 10.2466 188.983 6.90452 gbg40901e9b1
2023-02-06T03:00:01+00:00 9.03248 173.832 5.87319 gbg2065a3e9a
2023-02-06T03:30:01+00:00 12.9426 240.924 6.56291 gbg409fa4eae
2023-02-06T04:00:01+00:00 11.3742 73.4702 6.16195 gbg409657168
2023-02-06T04:30:01+00:00 7.93018 253.964 6.7558 gbg206fbb113
2023-02-06T05:00:01+00:00 11.8338 50.4823 5.40584 gbg409078ba5
2023-02-06T05:30:01+00:00 17.937 87.0229 7.00923 gbg40929636a
2023-02-06T06:00:01+00:00 11.2303 177.647 5.63522 gbg40301a9e7
2023-02-06T06:30:01+00:00 8.07117 230.249 6.44221 gbg206b6e683
2023-02-06T07:00:01+00:00 13.233 155.678 5.91733 gbg20666eae1
2023-02-06T07:30:01+00:00 11.5521 77.8911 6.31567 gbg403f394d2
2023-02-06T08:00:01+00:00 10.3523 54.2868 5.24696 gbg2063b28cc
2023-02-06T08:30:01+00:00 52.7921 99.0276 6.90668 gbg206777fe1
2023-02-06T09:00:01+00:00 11.3936 142.99 6.43977 gbg20632bcf4
2023-02-06T09:30:01+00:00 16.9435 37.4215 5.6132 gbg206547713
2023-02-06T10:00:01+00:00 8.99013 66.8024 5.86338 gbg20637f0b5
2023-02-06T10:30:01+00:00 9.31936 127.775 6.34556 gbg206f68573
2023-02-06T11:00:01+00:00 10.6161 186.349 6.66953 gbg403073e27
2023-02-06T11:30:01+00:00 8.00739 253.235 6.83975 gbg2066d5869
2023-02-06T12:00:01+00:00 12.7188 206.89 6.45952 gbg403419e84
2023-02-06T12:30:01+00:00 11.2911 286.201 6.81917 gbg403b811ed
2023-02-06T13:00:02+00:00 9.43436 196.033 5.14621 gbg20688de87
2023-02-06T13:30:01+00:00 11.8866 84.5045 5.22953 gbg4038fdb47
2023-02-06T14:00:01+00:00 7.74008 245.081 6.76142 gbg206880ee4
2023-02-06T14:30:01+00:00 8.37624 292.373 6.93653 gbg206b91706
2023-02-06T15:00:01+00:00 8.83775 243.256 6.57908 gbg403c73240
2023-02-06T15:30:01+00:00 12.1412 63.6566 6.07846 gbg206c5200f
2023-02-06T16:00:01+00:00 8.94143 125.625 6.67445 gbg403750d76
2023-02-06T16:30:01+00:00 14.7868 254.654 6.10388 gbg40395c57e
2023-02-06T17:00:01+00:00 6.17302 271.169 5.16849 gbg206650426
2023-02-06T17:30:01+00:00 38.5395 200.614 6.27364 gbg403db1184
2023-02-06T18:00:01+00:00 12.3076 52.0132 6.72135 gbg40306edef
2023-02-06T18:30:01+00:00 4.15043 180.106 5.75878 gbg2067faa3d
2023-02-06T19:00:01+00:00 9.34426 249.972 7.00851 gbg40375ca78
2023-02-06T19:30:01+00:00 7.9747 190.262 6.43309 gbg20600c98f
2023-02-06T20:00:01+00:00 8.12057 269.258 6.87824 gbg40351f164
2023-02-06T20:30:01+00:00 47.5487 114.324 6.75634 gbg2063830f6
2023-02-06T21:00:01+00:00 8.29511 285.075 6.90358 gbg2065ccc4e
2023-02-06T21:30:01+00:00 14.7454 165.752 5.61208 gbg206f6d27b
2023-02-06T22:00:01+00:00 7.84157 201.891 5.96484 gbg40390a14f
2023-02-06T22:30:01+00:00 7.77219 158.31 6.76604 gbg20659fff0
2023-02-06T23:00:01+00:00 8.39302 42.6546 5.25543 gbg2060ebf5c
2023-02-06T23:30:01+00:00 9.93358 275.127 5.37729 gbg403f85aeb
2023-02-07T00:00:01+00:00 12.0764 54.6285 6.0114 gbg2068abeb1
2023-02-07T00:30:01+00:00 8.61428 177.926 6.62227 gbg206a72bc1
2023-02-07T01:00:01+00:00 46.1084 94.7342 6.7485 gbg40383c3ea
2023-02-07T01:30:01+00:00 9.71473 280.368 6.80551 gbg4030335c1
2023-02-07T02:00:01+00:00 17.0825 65.7797 6.02147 gbg206f06c99
2023-02-07T02:30:01+00:00 8.02995 242.721 6.45402 gbg403adf627
2023-02-07T03:00:01+00:00 5.72716 230.502 5.92731 gbg403db185f
2023-02-07T03:30:01+00:00 8.51778 59.6969 6.63118 gbg2061eb019
2023-02-07T04:00:01+00:00 14.4992 45.9537 6.32993 gbg40391d3c6
2023-02-07T04:30:01+00:00 8.47687 265.347 6.8352 gbg403a8da31
2023-02-07T05:00:01+00:00 15.8203 229.04 6.09899 gbg2043e336e
2023-02-07T05:30:01+00:00 7.92873 130.658 6.40899 gbg4033cfe62
2023-02-07T06:00:01+00:00 5.68654 170.63 5.75908 gbg403f1cc95
2023-02-07T06:30:01+00:00 7.79939 249.777 6.74878 gbg403708b08
2023-02-07T07:00:01+00:00 16.0477 72.8591 6.00286 gbg4032ae929
2023-02-07T07:30:01+00:00 48.0557 173.059 6.71283 gbg204f83113
2023-02-07T08:00:01+00:00 10.7151 45.9402 5.82852 gbg204a86014
2023-02-07T08:30:01+00:00 11.9127 121.036 6.17086 gbg2046a08ea
2023-02-07T09:00:01+00:00 12.9897 58.9998 6.211 gbg403e8c968
2023-02-07T09:30:01+00:00 7.78992 119.017 6.26759 gbg4033c3099
2023-02-07T10:00:01+00:00 10.077 211.965 6.10594 gbg403df56a4
2023-02-07T10:30:01+00:00 7.83126 233.61 6.7379 gbg4034c35de
2023-02-07T11:00:01+00:00 8.56231 223.783 6.68023 gbg204366aa5
2023-02-07T11:30:01+00:00 11.9343 90.9458 6.48836 gbg4032cfbe7
2023-02-07T12:00:01+00:00 15.4247 71.4265 6.1285 gbg4031d8c8f
2023-02-07T12:30:01+00:00 3.69389 123.707 6.22896 gbg2044d7e87
2023-02-07T13:00:01+00:00 11.8275 150.975 7.02041 gbg40354c451
2023-02-07T13:30:01+00:00 11.1238 67.7051 5.56261 gbg403e9ea04
2023-02-07T14:00:01+00:00 8.26394 167.934 6.84556 gbg4034b186d
2023-02-07T14:30:01+00:00 13.2515 63.0264 5.56148 gbg204295e6c
2023-02-07T15:00:01+00:00 7.89216 215.832 6.97827 gbg204dd78fd
2023-02-07T15:30:01+00:00 7.73821 253.536 6.88465 gbg20454bedb
2023-02-07T16:00:01+00:00 8.82756 164.422 6.74478 gbg204ed6a05
2023-02-07T16:30:01+00:00 12.0184 224.482 5.96149 gbg403a74682
2023-02-07T17:00:01+00:00 12.2185 126.687 6.33395 gbg2048c94a2
2023-02-07T17:30:01+00:00 13.4316 55.1988 6.09067 gbg204915afa
2023-02-07T18:00:01+00:00 17.1879 86.9821 6.84393 gbg40330534d
2023-02-07T18:30:01+00:00 10.417 154.463 6.29293 gbg4036ff10f
2023-02-07T19:00:01+00:00 8.44439 136.924 6.01203 gbg20400f0c2
2023-02-07T19:30:01+00:00 15.7871 59.7251 5.66291 gbg204b37830
2023-02-07T20:00:01+00:00 7.93449 150.953 6.63397 gbg204c29081
2023-02-07T20:30:01+00:00 34.0439 87.7869 6.58421 gbg403455878
2023-02-07T21:00:01+00:00 4.95166 244.529 6.40573 gbg2043c7253
2023-02-07T21:30:01+00:00 9.80327 235.885 5.37772 gbg2048d3ca9
2023-02-07T22:00:01+00:00 16.059 173.917 6.31979 gbg2046da695
2023-02-07T22:30:01+00:00 15.0573 168.306 6.47309 gbg4033a62ed
2023-02-07T23:00:01+00:00 13.9504 186.106 8.61855 gbg204c465e5
2023-02-07T23:30:01+00:00 36.3922 93.4378 6.84595 gbg40316697a
2023-02-08T00:00:01+00:00 14.496 129.969 5.56613 gbg4031aa0a7
2023-02-08T00:30:01+00:00 51.3526 78.1262 6.79827 gbg403de8b81
2023-02-08T01:00:01+00:00 10.0283 243.851 5.73304 gbg2044d8fef
2023-02-08T01:30:01+00:00 15.6579 268.007 6.3615 gbg204743b6e
2023-02-08T02:00:01+00:00 7.69077 159.541 6.8035 gbg204eb7f4f
2023-02-08T02:30:01+00:00 14.1675 236.033 6.58713 gbg204f06c72
2023-02-08T03:00:01+00:00 7.78033 182.784 6.29905 gbg4035d02b7
2023-02-08T03:30:01+00:00 8.74524 255.252 6.50481 gbg403e82c60
2023-02-08T04:00:01+00:00 9.42387 102.672 6.58625 gbg204952541
2023-02-08T04:30:01+00:00 15.7116 87.8512 5.95909 gbg403ecf31d
2023-02-08T05:00:01+00:00 5.83027 200.717 6.48396 gbg4033c8642
2023-02-08T05:30:01+00:00 10.2215 258.108 6.47853 gbg204052968
2023-02-08T06:00:01+00:00 10.1488 97.6332 5.6102 gbg204353202
2023-02-08T06:30:01+00:00 8.17022 152.26 6.62251 gbg204504c28
2023-02-08T07:00:01+00:00 11.8407 98.7328 5.58164 gbg204f133a5
2023-02-08T07:30:01+00:00 9.09027 281.305 6.487 gbg2040d8583
2023-02-08T08:00:01+00:00 6.79298 180.956 6.30213 gbg40af703ca
2023-02-08T08:30:01+00:00 9.76524 276.242 6.46216 gbg2045a0905
2023-02-08T09:00:01+00:00 18.03 66.2937 5.9531 gbg40a7c7ddd
2023-02-08T09:30:01+00:00 9.03471 100.186 6.56279 gbg204f40122
2023-02-08T10:00:01+00:00 11.6633 129.917 5.96991 gbg40a78bd8f
2023-02-08T10:30:01+00:00 20.2029 49.2537 6.60518 gbg40a6ef34d
2023-02-08T11:00:01+00:00 17.0993 47.5867 5.5033 gbg2040c29c0
2023-02-08T11:30:01+00:00 11.9258 109.328 6.36067 gbg40a08615f
2023-02-08T12:00:01+00:00 7.9284 125.905 7.23832 gbg2043404dd
2023-02-08T12:30:01+00:00 11.832 158.503 5.81796 gbg204d13ce4
2023-02-08T13:00:01+00:00 10.8927 239.818 6.66632 gbg2044e2c0c
2023-02-08T13:30:01+00:00 44.6218 86.6101 6.76842 gbg40a05dec0
2023-02-08T14:00:01+00:00 8.75861 275.555 6.63549 gbg204e3a20c
2023-02-08T14:30:01+00:00 27.3959 78.2344 6.53666 gbg2044cea81
2023-02-08T15:00:01+00:00 8.62512 201.976 6.04492 gbg20413d2bb
2023-02-08T15:30:01+00:00 7.95221 244.258 6.61397 gbg40af1b0ab
2023-02-08T16:00:01+00:00 32.4061 63.4254 6.22524 gbg2042263ba
2023-02-08T16:30:01+00:00 14.6574 128.862 6.84184 gbg40ad681f5
2023-02-08T17:00:01+00:00 13.4761 150.241 5.52882 gbg204d3df84
2023-02-08T17:30:02+00:00 46.7654 111.211 6.92167 gbg40a460405
2023-02-08T18:00:01+00:00 8.32531 185.009 6.78852 gbg204ce9726
2023-02-08T18:30:01+00:00 14.121 58.7852 6.34565 gbg204490ea4
2023-02-08T19:00:01+00:00 7.71717 101.901 6.87677 gbg204c1d918
2023-02-08T19:30:01+00:00 12.979 167.935 6.33288 gbg40a98bbd4
2023-02-08T20:00:01+00:00 12.7712 80.2895 6.26235 gbg204fad924
2023-02-08T20:30:01+00:00 9.11201 66.5991 6.68195 gbg40abd0f23
2023-02-08T21:00:01+00:00 15.4606 45.1189 5.31466 gbg40a0b9ea4
2023-02-08T21:30:01+00:00 9.18173 219.726 6.83833 gbg40abf922d
2023-02-08T22:00:01+00:00 12.8643 144.322 5.52121 gbg40a415986
2023-02-08T22:30:01+00:00 9.13323 251.39 6.81065 gbg20427513e
2023-02-08T23:00:01+00:00 15.9367 175.358 6.13293 gbg204fe2c5f
2023-02-08T23:30:01+00:00 8.23905 271.216 6.78511 gbg2046ea2bc
2023-02-09T00:00:01+00:00 9.78299 56.8131 5.8388 gbg2045d29f7
2023-02-09T00:30:02+00:00 11.9032 80.875 6.65742 gbg40ad94542
2023-02-09T01:00:01+00:00 55.8539 57.9986 6.64606 gbg204fdb9ad
2023-02-09T01:30:01+00:00 7.9765 247.797 6.9062 gbg40afa6f75
2023-02-09T02:00:01+00:00 44.503 79.9808 6.48213 gbg40a079bce
2023-02-09T02:30:01+00:00 11.9629 66.0282 6.11895 gbg40a7ec837
2023-02-09T03:00:01+00:00 8.24434 192.689 6.67217 gbg40a55813d
2023-02-09T03:30:01+00:00 7.89665 248.368 6.72121 gbg40a09f25f
2023-02-09T04:00:01+00:00 47.5638 103.894 6.92037 gbg40a12273d
2023-02-09T04:30:01+00:00 48.6137 93.7376 6.65663 gbg20a31b6a9
2023-02-09T05:00:01+00:00 10.9629 277.318 6.23282 gbg20ae65745
2023-02-09T05:30:01+00:00 7.79679 175.361 6.28133 gbg20a5e3651
2023-02-09T06:00:01+00:00 11.9257 52.4363 5.87217 gbg40afa685a
2023-02-09T06:30:01+00:00 8.02545 252.659 6.98447 gbg407eb5d0e
2023-02-09T07:00:01+00:00 17.0349 44.239 6.10121 gbg20a5d8528
2023-02-09T07:30:01+00:00 8.05756 264.879 6.65813 gbg407c8079d
2023-02-09T08:00:01+00:00 21.525 62.1135 5.9941 gbg20a20090b
2023-02-09T08:30:01+00:00 8.26786 213.036 6.65861 gbg4074fd84d
2023-02-09T09:00:01+00:00 12.8314 107.372 5.90975 gbg4078d4784
2023-02-09T09:30:01+00:00 7.9476 204.914 6.15944 gbg407afc9cf
2023-02-09T10:00:01+00:00 11.1209 68.8126 6.48533 gbg20a0fc321
2023-02-09T10:30:01+00:00 5.813 172.216 6.24184 gbg407af7f06
2023-02-09T11:00:01+00:00 8.03163 140.972 6.65752 gbg20a5f4460
2023-02-09T11:30:01+00:00 11.7061 171.294 6.03393 gbg20aa4dfa7
2023-02-09T12:00:01+00:00 15.7801 41.6246 5.69828 gbg407216c36
2023-02-09T12:30:01+00:00 8.45674 123.412 6.46366 gbg20a5faaa9
2023-02-09T13:00:01+00:00 5.2032 169.022 4.85275 gbg20a005834
2023-02-09T13:30:01+00:00 15.3257 72.0635 6.49344 gbg20a6e58cf
2023-02-09T14:00:01+00:00 15.4011 170.104 6.69699 gbg20a330592
2023-02-09T14:30:01+00:00 25.5288 162.615 5.79655 gbg20a7ac0d3
2023-02-09T15:00:01+00:00 15.7369 58.8228 6.36524 gbg4071f28cd
2023-02-09T15:30:01+00:00 12.3695 252.183 5.76741 gbg20a18a59a
2023-02-09T16:00:01+00:00 5.45456 172.342 5.69625 gbg4076ee601
2023-02-09T16:30:01+00:00 8.30069 244.62 6.72817 gbg407c5b47b
2023-02-09T17:00:01+00:00 17.0205 39.1524 5.43218 gbg40717f894
2023-02-09T17:30:01+00:00 9.71737 246.815 6.61344 gbg20aff212d
2023-02-09T18:00:01+00:00 13.013 87.3755 6.47659 gbg20a22a0bb
2023-02-09T18:30:01+00:00 7.90329 248.065 6.4742 gbg407711eb5
2023-02-09T19:00:01+00:00 10.5984 146.073 5.80663 gbg40782efc6
2023-02-09T19:30:01+00:00 9.29566 109.611 5.66281 gbg4071eda1b
2023-02-09T20:00:01+00:00 8.67907 74.413 6.49568 gbg407deee23
2023-02-09T20:30:01+00:00 11.4491 168.198 6.09004 gbg407f4edd8
2023-02-09T21:00:01+00:00 8.12337 193.201 6.88393 gbg407c164e4
2023-02-09T21:30:01+00:00 8.16007 121.471 6.68838 gbg407886aa9
2023-02-09T22:00:01+00:00 12.076 73.2665 6.5181 gbg20ac1a3d4
2023-02-09T22:30:01+00:00 7.97652 255.338 6.63548 gbg20abc8b28
2023-02-09T23:00:01+00:00 37.1228 95.4015 6.30249 gbg407af0e31
2023-02-09T23:30:01+00:00 7.76318 272.523 6.72325 gbg407e4f41f
2023-02-10T00:00:01+00:00 11.8886 74.9054 5.93571 gbg20aa99205
2023-02-10T00:30:01+00:00 7.90428 247.762 6.7514 gbg4078abdcf
2023-02-10T01:00:01+00:00 11.9837 96.7646 6.05634 gbg20a425550
2023-02-10T01:30:01+00:00 7.87365 255.196 6.74994 gbg407e4ce5a
2023-02-10T02:00:01+00:00 26.3154 169.195 6.09011 gbg20aead763
2023-02-10T02:30:01+00:00 7.98916 241.322 6.28261 gbg20afc3e3c
2023-02-10T03:00:01+00:00 19.7419 82.069 6.24417 gbg20a28c10a
2023-02-10T03:30:01+00:00 7.88127 138.89 6.37952 gbg20a93417f
2023-02-10T04:00:01+00:00 13.6334 240.456 6.04648 gbg407b6900d
2023-02-10T04:30:01+00:00 7.94223 246.993 6.70892 gbg204d1e005
2023-02-10T05:00:01+00:00 12.0283 42.2122 6.21307 gbg407a1f6fe
2023-02-10T05:30:01+00:00 4.95784 199.617 6.03553 gbg4078362ed
2023-02-10T06:00:01+00:00 8.24823 167.909 6.79785 gbg4073c09d5
2023-02-10T06:30:01+00:00 10.1792 81.6917 5.85466 gbg40338aef8
2023-02-10T07:00:01+00:00 7.72649 251.869 7.01458 gbg403061cfe
2023-02-10T07:30:01+00:00 7.95292 159.084 6.74199 gbg403f17f10
2023-02-10T08:00:01+00:00 16.0213 43.4758 6.08249 gbg40376772f
2023-02-10T08:30:01+00:00 8.38519 164.959 6.72902 gbg2044efe9c
2023-02-10T09:00:01+00:00 8.5754 78.8745 4.78358 gbg2042b187c
2023-02-10T09:30:01+00:00 17.2929 72.0696 5.60178 gbg403094bfb
2023-02-10T10:00:01+00:00 5.6413 240.921 5.79745 gbg4031d23fd
2023-02-10T10:30:01+00:00 8.97952 236.406 6.75802 gbg2044e71df
2023-02-10T11:00:01+00:00 14.0925 95.2407 5.54385 gbg20454da51
2023-02-10T11:30:01+00:00 11.3749 277.979 6.55092 gbg20449df6f
2023-02-10T12:00:01+00:00 10.7861 104.978 5.11295 gbg403fcd26f
2023-02-10T12:30:01+00:00 9.90338 187.212 6.17711 gbg2040664c6
2023-02-10T13:00:01+00:00 9.58439 148.042 6.61276 gbg40338f150
2023-02-10T13:30:01+00:00 15.5707 79.6102 5.17197 gbg403dfe491
2023-02-10T14:00:01+00:00 11.2093 66.7212 5.41792 gbg40347f2b6
2023-02-10T14:30:01+00:00 18.0459 44.8179 5.60796 gbg204905de9
2023-02-10T15:00:01+00:00 15.058 54.8825 6.19294 gbg204db3451
2023-02-10T15:30:01+00:00 19.654 87.733 5.85238 gbg2045dcc41
2023-02-10T16:00:01+00:00 46.3876 105.807 6.70529 gbg4033e797b
2023-02-10T16:30:01+00:00 12.458 79.0855 5.68689 gbg40332f87a
2023-02-10T17:00:01+00:00 19.8451 59.8751 5.74781 gbg204a12849
2023-02-10T17:30:01+00:00 14.5871 166.36 5.98547 gbg403e79ad8
2023-02-10T18:00:01+00:00 12.6643 97.9358 5.92305 gbg4030f263d
2023-02-10T18:30:01+00:00 9.54887 241.168 6.89099 gbg4037be3a6
2023-02-10T19:00:01+00:00 11.8413 232.431 6.38054 gbg4035942e9
2023-02-10T19:30:01+00:00 43.1763 104.673 6.94292 gbg2049a5d6b
2023-02-10T20:00:01+00:00 12.081 89.7582 5.69378 gbg403b1f860
2023-02-10T20:30:01+00:00 8.76527 189.149 6.82541 gbg40373cfeb
2023-02-10T21:00:01+00:00 12.2658 240.024 6.53345 gbg403f4cf12
2023-02-10T21:30:01+00:00 12.6233 107.756 5.22249 gbg403c63818
2023-02-10T22:00:01+00:00 10.9909 269.3 5.31844 gbg2040585d7
2023-02-10T22:30:01+00:00 52.8094 88.5536 6.51902 gbg204c11e34
2023-02-10T23:00:01+00:00 8.04759 219.14 6.59823 gbg204508e06
2023-02-10T23:30:01+00:00 7.99502 181.505 6.47728 gbg204b7bcdd
2023-02-11T00:00:01+00:00 10.5913 167.847 5.72603 gbg204a2d312
2023-02-11T00:30:02+00:00 7.90911 183.78 6.13963 gbg40384a030
2023-02-11T01:00:01+00:00 7.95491 174.249 6.97832 gbg403e2865a
2023-02-11T01:30:01+00:00 49.3722 68.5031 6.5526 gbg204baa26b
2023-02-11T02:00:01+00:00 7.97279 231.071 6.57765 gbg2043e30d8
2023-02-11T02:30:01+00:00 10.4965 165.637 6.07187 gbg204f4f75d
2023-02-11T03:00:01+00:00 34.6195 84.7134 6.18728 gbg403027aec
2023-02-11T03:30:01+00:00 8.51514 147.338 6.4455 gbg204e59581
2023-02-11T04:00:01+00:00 25.7557 90.2179 6.05735 gbg204b5e071
2023-02-11T04:30:01+00:00 7.91787 252.971 6.49659 gbg4037c96be
2023-02-11T05:00:01+00:00 33.1242 152.225 6.64594 gbg2025910be
2023-02-11T05:30:01+00:00 7.88101 200.298 6.77398 gbg2026c4990
2023-02-11T06:00:01+00:00 11.489 74.4214 6.46377 gbg4032850a5
2023-02-11T06:30:01+00:00 41.4736 108.124 6.31239 gbg202ae6482
2023-02-11T07:00:01+00:00 9.25074 129.751 5.4809 gbg40051d8b4
2023-02-11T07:30:01+00:00 41.0463 166.493 7.0615 gbg20275541b
2023-02-11T08:00:01+00:00 8.02291 251.882 6.72191 gbg4005c70eb
2023-02-11T08:30:01+00:00 11.7345 179.799 5.3375 gbg40044c793
2023-02-11T09:00:01+00:00 8.01629 197.497 6.83443 gbg202df5839
2023-02-11T09:30:01+00:00 8.42534 161.853 6.44651 gbg202ca3937
2023-02-11T10:00:01+00:00 12.2429 88.0844 5.97128 gbg2027867b4
2023-02-11T10:30:01+00:00 17.7986 234.359 6.2986 gbg40043609e
2023-02-11T11:00:01+00:00 15.7486 43.8741 5.97553 gbg202645a7a
2023-02-11T11:30:01+00:00 7.89488 148.637 6.88554 gbg4007d765e
2023-02-11T12:00:01+00:00 11.3805 50.6207 5.61408 gbg202a26131
